# StreamVersion 1.2
ExposeEvent 0 959 0 0 0 0 0
RenderEvent 0 959 0 0 0 0 0
EnterEvent 919 951 0 0 0 0 0
MouseMoveEvent 919 951 0 0 0 0 0
MouseMoveEvent 908 937 0 0 0 0 0
MouseMoveEvent 897 925 0 0 0 0 0
MouseMoveEvent 882 908 0 0 0 0 0
MouseMoveEvent 867 896 0 0 0 0 0
MouseMoveEvent 852 883 0 0 0 0 0
MouseMoveEvent 837 872 0 0 0 0 0
MouseMoveEvent 823 860 0 0 0 0 0
MouseMoveEvent 813 851 0 0 0 0 0
MouseMoveEvent 801 840 0 0 0 0 0
MouseMoveEvent 793 830 0 0 0 0 0
MouseMoveEvent 788 822 0 0 0 0 0
MouseMoveEvent 785 813 0 0 0 0 0
MouseMoveEvent 783 807 0 0 0 0 0
MouseMoveEvent 781 803 0 0 0 0 0
MouseMoveEvent 781 799 0 0 0 0 0
LeftButtonPressEvent 781 799 0 0 0 0 0
StartInteractionEvent 781 799 0 0 0 0 0
MouseMoveEvent 780 798 0 0 0 0 0
RenderEvent 780 798 0 0 0 0 0
InteractionEvent 780 798 0 0 0 0 0
MouseMoveEvent 777 795 0 0 0 0 0
RenderEvent 777 795 0 0 0 0 0
InteractionEvent 777 795 0 0 0 0 0
MouseMoveEvent 771 790 0 0 0 0 0
RenderEvent 771 790 0 0 0 0 0
InteractionEvent 771 790 0 0 0 0 0
MouseMoveEvent 754 780 0 0 0 0 0
RenderEvent 754 780 0 0 0 0 0
InteractionEvent 754 780 0 0 0 0 0
MouseMoveEvent 728 764 0 0 0 0 0
RenderEvent 728 764 0 0 0 0 0
InteractionEvent 728 764 0 0 0 0 0
MouseMoveEvent 695 745 0 0 0 0 0
RenderEvent 695 745 0 0 0 0 0
InteractionEvent 695 745 0 0 0 0 0
MouseMoveEvent 659 727 0 0 0 0 0
RenderEvent 659 727 0 0 0 0 0
InteractionEvent 659 727 0 0 0 0 0
MouseMoveEvent 627 709 0 0 0 0 0
RenderEvent 627 709 0 0 0 0 0
InteractionEvent 627 709 0 0 0 0 0
MouseMoveEvent 599 692 0 0 0 0 0
RenderEvent 599 692 0 0 0 0 0
InteractionEvent 599 692 0 0 0 0 0
MouseMoveEvent 581 678 0 0 0 0 0
RenderEvent 581 678 0 0 0 0 0
InteractionEvent 581 678 0 0 0 0 0
MouseMoveEvent 563 666 0 0 0 0 0
RenderEvent 563 666 0 0 0 0 0
InteractionEvent 563 666 0 0 0 0 0
MouseMoveEvent 549 655 0 0 0 0 0
RenderEvent 549 655 0 0 0 0 0
InteractionEvent 549 655 0 0 0 0 0
MouseMoveEvent 535 642 0 0 0 0 0
RenderEvent 535 642 0 0 0 0 0
InteractionEvent 535 642 0 0 0 0 0
MouseMoveEvent 525 636 0 0 0 0 0
RenderEvent 525 636 0 0 0 0 0
InteractionEvent 525 636 0 0 0 0 0
MouseMoveEvent 514 631 0 0 0 0 0
RenderEvent 514 631 0 0 0 0 0
InteractionEvent 514 631 0 0 0 0 0
MouseMoveEvent 510 626 0 0 0 0 0
RenderEvent 510 626 0 0 0 0 0
InteractionEvent 510 626 0 0 0 0 0
MouseMoveEvent 505 621 0 0 0 0 0
RenderEvent 505 621 0 0 0 0 0
InteractionEvent 505 621 0 0 0 0 0
MouseMoveEvent 502 618 0 0 0 0 0
RenderEvent 502 618 0 0 0 0 0
InteractionEvent 502 618 0 0 0 0 0
MouseMoveEvent 500 613 0 0 0 0 0
RenderEvent 500 613 0 0 0 0 0
InteractionEvent 500 613 0 0 0 0 0
MouseMoveEvent 500 614 0 0 0 0 0
RenderEvent 500 614 0 0 0 0 0
InteractionEvent 500 614 0 0 0 0 0
MouseMoveEvent 501 614 0 0 0 0 0
RenderEvent 501 614 0 0 0 0 0
InteractionEvent 501 614 0 0 0 0 0
MouseMoveEvent 503 616 0 0 0 0 0
RenderEvent 503 616 0 0 0 0 0
InteractionEvent 503 616 0 0 0 0 0
MouseMoveEvent 504 622 0 0 0 0 0
RenderEvent 504 622 0 0 0 0 0
InteractionEvent 504 622 0 0 0 0 0
MouseMoveEvent 516 628 0 0 0 0 0
RenderEvent 516 628 0 0 0 0 0
InteractionEvent 516 628 0 0 0 0 0
MouseMoveEvent 536 635 0 0 0 0 0
RenderEvent 536 635 0 0 0 0 0
InteractionEvent 536 635 0 0 0 0 0
MouseMoveEvent 561 651 0 0 0 0 0
RenderEvent 561 651 0 0 0 0 0
InteractionEvent 561 651 0 0 0 0 0
MouseMoveEvent 591 669 0 0 0 0 0
RenderEvent 591 669 0 0 0 0 0
InteractionEvent 591 669 0 0 0 0 0
MouseMoveEvent 624 688 0 0 0 0 0
RenderEvent 624 688 0 0 0 0 0
InteractionEvent 624 688 0 0 0 0 0
MouseMoveEvent 677 721 0 0 0 0 0
RenderEvent 677 721 0 0 0 0 0
InteractionEvent 677 721 0 0 0 0 0
MouseMoveEvent 703 736 0 0 0 0 0
RenderEvent 703 736 0 0 0 0 0
InteractionEvent 703 736 0 0 0 0 0
MouseMoveEvent 721 741 0 0 0 0 0
RenderEvent 721 741 0 0 0 0 0
InteractionEvent 721 741 0 0 0 0 0
MouseMoveEvent 737 751 0 0 0 0 0
RenderEvent 737 751 0 0 0 0 0
InteractionEvent 737 751 0 0 0 0 0
MouseMoveEvent 753 759 0 0 0 0 0
RenderEvent 753 759 0 0 0 0 0
InteractionEvent 753 759 0 0 0 0 0
MouseMoveEvent 764 766 0 0 0 0 0
RenderEvent 764 766 0 0 0 0 0
InteractionEvent 764 766 0 0 0 0 0
MouseMoveEvent 765 772 0 0 0 0 0
RenderEvent 765 772 0 0 0 0 0
InteractionEvent 765 772 0 0 0 0 0
MouseMoveEvent 766 771 0 0 0 0 0
RenderEvent 766 771 0 0 0 0 0
InteractionEvent 766 771 0 0 0 0 0
MouseMoveEvent 766 767 0 0 0 0 0
RenderEvent 766 767 0 0 0 0 0
InteractionEvent 766 767 0 0 0 0 0
MouseMoveEvent 766 762 0 0 0 0 0
RenderEvent 766 762 0 0 0 0 0
InteractionEvent 766 762 0 0 0 0 0
MouseMoveEvent 766 755 0 0 0 0 0
RenderEvent 766 755 0 0 0 0 0
InteractionEvent 766 755 0 0 0 0 0
MouseMoveEvent 760 727 0 0 0 0 0
RenderEvent 760 727 0 0 0 0 0
InteractionEvent 760 727 0 0 0 0 0
MouseMoveEvent 757 704 0 0 0 0 0
RenderEvent 757 704 0 0 0 0 0
InteractionEvent 757 704 0 0 0 0 0
MouseMoveEvent 754 686 0 0 0 0 0
RenderEvent 754 686 0 0 0 0 0
InteractionEvent 754 686 0 0 0 0 0
MouseMoveEvent 748 658 0 0 0 0 0
RenderEvent 748 658 0 0 0 0 0
InteractionEvent 748 658 0 0 0 0 0
MouseMoveEvent 738 626 0 0 0 0 0
RenderEvent 738 626 0 0 0 0 0
InteractionEvent 738 626 0 0 0 0 0
MouseMoveEvent 729 601 0 0 0 0 0
RenderEvent 729 601 0 0 0 0 0
InteractionEvent 729 601 0 0 0 0 0
MouseMoveEvent 719 576 0 0 0 0 0
RenderEvent 719 576 0 0 0 0 0
InteractionEvent 719 576 0 0 0 0 0
MouseMoveEvent 708 557 0 0 0 0 0
RenderEvent 708 557 0 0 0 0 0
InteractionEvent 708 557 0 0 0 0 0
MouseMoveEvent 696 542 0 0 0 0 0
RenderEvent 696 542 0 0 0 0 0
InteractionEvent 696 542 0 0 0 0 0
MouseMoveEvent 678 533 0 0 0 0 0
RenderEvent 678 533 0 0 0 0 0
InteractionEvent 678 533 0 0 0 0 0
MouseMoveEvent 664 526 0 0 0 0 0
RenderEvent 664 526 0 0 0 0 0
InteractionEvent 664 526 0 0 0 0 0
MouseMoveEvent 649 523 0 0 0 0 0
RenderEvent 649 523 0 0 0 0 0
InteractionEvent 649 523 0 0 0 0 0
MouseMoveEvent 624 523 0 0 0 0 0
RenderEvent 624 523 0 0 0 0 0
InteractionEvent 624 523 0 0 0 0 0
MouseMoveEvent 609 528 0 0 0 0 0
RenderEvent 609 528 0 0 0 0 0
InteractionEvent 609 528 0 0 0 0 0
MouseMoveEvent 593 538 0 0 0 0 0
RenderEvent 593 538 0 0 0 0 0
InteractionEvent 593 538 0 0 0 0 0
MouseMoveEvent 579 554 0 0 0 0 0
RenderEvent 579 554 0 0 0 0 0
InteractionEvent 579 554 0 0 0 0 0
MouseMoveEvent 568 579 0 0 0 0 0
RenderEvent 568 579 0 0 0 0 0
InteractionEvent 568 579 0 0 0 0 0
MouseMoveEvent 566 607 0 0 0 0 0
RenderEvent 566 607 0 0 0 0 0
InteractionEvent 566 607 0 0 0 0 0
MouseMoveEvent 568 625 0 0 0 0 0
RenderEvent 568 625 0 0 0 0 0
InteractionEvent 568 625 0 0 0 0 0
MouseMoveEvent 580 646 0 0 0 0 0
RenderEvent 580 646 0 0 0 0 0
InteractionEvent 580 646 0 0 0 0 0
MouseMoveEvent 597 659 0 0 0 0 0
RenderEvent 597 659 0 0 0 0 0
InteractionEvent 597 659 0 0 0 0 0
MouseMoveEvent 614 663 0 0 0 0 0
RenderEvent 614 663 0 0 0 0 0
InteractionEvent 614 663 0 0 0 0 0
MouseMoveEvent 626 661 0 0 0 0 0
RenderEvent 626 661 0 0 0 0 0
InteractionEvent 626 661 0 0 0 0 0
MouseMoveEvent 634 659 0 0 0 0 0
RenderEvent 634 659 0 0 0 0 0
InteractionEvent 634 659 0 0 0 0 0
MouseMoveEvent 648 635 0 0 0 0 0
RenderEvent 648 635 0 0 0 0 0
InteractionEvent 648 635 0 0 0 0 0
MouseMoveEvent 658 615 0 0 0 0 0
RenderEvent 658 615 0 0 0 0 0
InteractionEvent 658 615 0 0 0 0 0
MouseMoveEvent 663 597 0 0 0 0 0
RenderEvent 663 597 0 0 0 0 0
InteractionEvent 663 597 0 0 0 0 0
MouseMoveEvent 661 579 0 0 0 0 0
RenderEvent 661 579 0 0 0 0 0
InteractionEvent 661 579 0 0 0 0 0
MouseMoveEvent 654 572 0 0 0 0 0
RenderEvent 654 572 0 0 0 0 0
InteractionEvent 654 572 0 0 0 0 0
MouseMoveEvent 649 570 0 0 0 0 0
RenderEvent 649 570 0 0 0 0 0
InteractionEvent 649 570 0 0 0 0 0
MouseMoveEvent 641 574 0 0 0 0 0
RenderEvent 641 574 0 0 0 0 0
InteractionEvent 641 574 0 0 0 0 0
MouseMoveEvent 633 580 0 0 0 0 0
RenderEvent 633 580 0 0 0 0 0
InteractionEvent 633 580 0 0 0 0 0
MouseMoveEvent 627 589 0 0 0 0 0
RenderEvent 627 589 0 0 0 0 0
InteractionEvent 627 589 0 0 0 0 0
MouseMoveEvent 625 604 0 0 0 0 0
RenderEvent 625 604 0 0 0 0 0
InteractionEvent 625 604 0 0 0 0 0
MouseMoveEvent 625 617 0 0 0 0 0
RenderEvent 625 617 0 0 0 0 0
InteractionEvent 625 617 0 0 0 0 0
MouseMoveEvent 636 623 0 0 0 0 0
RenderEvent 636 623 0 0 0 0 0
InteractionEvent 636 623 0 0 0 0 0
MouseMoveEvent 641 623 0 0 0 0 0
RenderEvent 641 623 0 0 0 0 0
InteractionEvent 641 623 0 0 0 0 0
MouseMoveEvent 648 624 0 0 0 0 0
RenderEvent 648 624 0 0 0 0 0
InteractionEvent 648 624 0 0 0 0 0
MouseMoveEvent 651 622 0 0 0 0 0
RenderEvent 651 622 0 0 0 0 0
InteractionEvent 651 622 0 0 0 0 0
MouseMoveEvent 651 616 0 0 0 0 0
RenderEvent 651 616 0 0 0 0 0
InteractionEvent 651 616 0 0 0 0 0
MouseMoveEvent 651 615 0 0 0 0 0
RenderEvent 651 615 0 0 0 0 0
InteractionEvent 651 615 0 0 0 0 0
MouseMoveEvent 651 616 0 0 0 0 0
RenderEvent 651 616 0 0 0 0 0
InteractionEvent 651 616 0 0 0 0 0
LeftButtonReleaseEvent 651 616 0 0 0 0 0
EndInteractionEvent 651 616 0 0 0 0 0
RenderEvent 651 616 0 0 0 0 0
MouseMoveEvent 652 617 0 0 0 0 0
MouseMoveEvent 653 617 0 0 0 0 0
MouseMoveEvent 654 619 0 0 0 0 0
MouseMoveEvent 655 620 0 0 0 0 0
MouseMoveEvent 656 623 0 0 0 0 0
MouseMoveEvent 659 627 0 0 0 0 0
MouseMoveEvent 664 634 0 0 0 0 0
MouseMoveEvent 666 643 0 0 0 0 0
MouseMoveEvent 677 655 0 0 0 0 0
MouseMoveEvent 686 670 0 0 0 0 0
MouseMoveEvent 695 685 0 0 0 0 0
MouseMoveEvent 702 698 0 0 0 0 0
MouseMoveEvent 714 717 0 0 0 0 0
MouseMoveEvent 723 733 0 0 0 0 0
MouseMoveEvent 733 750 0 0 0 0 0
MouseMoveEvent 743 768 0 0 0 0 0
MouseMoveEvent 757 787 0 0 0 0 0
MouseMoveEvent 761 801 0 0 0 0 0
MouseMoveEvent 776 814 0 0 0 0 0
MouseMoveEvent 790 825 0 0 0 0 0
MouseMoveEvent 803 835 0 0 0 0 0
MouseMoveEvent 815 844 0 0 0 0 0
MouseMoveEvent 825 851 0 0 0 0 0
MouseMoveEvent 831 856 0 0 0 0 0
MouseMoveEvent 839 861 0 0 0 0 0
MouseMoveEvent 845 867 0 0 0 0 0
MouseMoveEvent 849 870 0 0 0 0 0
MouseMoveEvent 853 872 0 0 0 0 0
MouseMoveEvent 856 874 0 0 0 0 0
MouseMoveEvent 860 877 0 0 0 0 0
MouseMoveEvent 864 879 0 0 0 0 0
MouseMoveEvent 868 881 0 0 0 0 0
MouseMoveEvent 873 882 0 0 0 0 0
MouseMoveEvent 878 885 0 0 0 0 0
MouseMoveEvent 884 887 0 0 0 0 0
MouseMoveEvent 891 890 0 0 0 0 0
MouseMoveEvent 897 894 0 0 0 0 0
MouseMoveEvent 903 899 0 0 0 0 0
MouseMoveEvent 907 902 0 0 0 0 0
MouseMoveEvent 910 908 0 0 0 0 0
MouseMoveEvent 913 912 0 0 0 0 0
MouseMoveEvent 914 916 0 0 0 0 0
MouseMoveEvent 913 917 0 0 0 0 0
MouseMoveEvent 915 920 0 0 0 0 0
MouseMoveEvent 915 924 0 0 0 0 0
MouseMoveEvent 915 925 0 0 0 0 0
MouseMoveEvent 916 929 0 0 0 0 0
MouseMoveEvent 915 932 0 0 0 0 0
MouseMoveEvent 914 934 0 0 0 0 0
MouseMoveEvent 914 937 0 0 0 0 0
MouseMoveEvent 914 939 0 0 0 0 0
MouseMoveEvent 914 942 0 0 0 0 0
MouseMoveEvent 914 944 0 0 0 0 0
MouseMoveEvent 915 947 0 0 0 0 0
MouseMoveEvent 917 950 0 0 0 0 0
MouseMoveEvent 919 954 0 0 0 0 0
MouseMoveEvent 920 959 0 0 0 0 0
LeaveEvent 923 964 0 0 0 0 0
ExitEvent 923 964 0 0 0 0 0
EnterEvent 941 959 0 0 0 0 0
MouseMoveEvent 941 959 0 0 0 0 0
MouseMoveEvent 942 959 0 0 0 0 0
LeaveEvent 942 960 0 0 0 0 0
ExitEvent 942 960 0 0 0 0 0
EnterEvent 917 958 0 0 0 0 0
MouseMoveEvent 917 958 0 0 0 0 0
MouseMoveEvent 914 952 0 0 0 0 0
MouseMoveEvent 910 946 0 0 0 0 0
MouseMoveEvent 906 942 0 0 0 0 0
MouseMoveEvent 902 935 0 0 0 0 0
MouseMoveEvent 897 929 0 0 0 0 0
MouseMoveEvent 892 922 0 0 0 0 0
MouseMoveEvent 889 917 0 0 0 0 0
MouseMoveEvent 886 911 0 0 0 0 0
MouseMoveEvent 882 906 0 0 0 0 0
MouseMoveEvent 878 897 0 0 0 0 0
MouseMoveEvent 875 891 0 0 0 0 0
MouseMoveEvent 872 885 0 0 0 0 0
MouseMoveEvent 868 879 0 0 0 0 0
MouseMoveEvent 865 870 0 0 0 0 0
MouseMoveEvent 859 864 0 0 0 0 0
MouseMoveEvent 857 856 0 0 0 0 0
MouseMoveEvent 854 851 0 0 0 0 0
MouseMoveEvent 847 842 0 0 0 0 0
MouseMoveEvent 842 833 0 0 0 0 0
MouseMoveEvent 836 826 0 0 0 0 0
MouseMoveEvent 832 817 0 0 0 0 0
MouseMoveEvent 828 810 0 0 0 0 0
MouseMoveEvent 824 803 0 0 0 0 0
MouseMoveEvent 822 798 0 0 0 0 0
MouseMoveEvent 819 794 0 0 0 0 0
MouseMoveEvent 819 792 0 0 0 0 0
MouseMoveEvent 818 792 0 0 0 0 0
LeftButtonPressEvent 818 792 0 0 0 0 0
StartInteractionEvent 818 792 0 0 0 0 0
LeftButtonReleaseEvent 818 792 0 0 0 0 0
EndInteractionEvent 818 792 0 0 0 0 0
RenderEvent 818 792 0 0 0 0 0
MouseMoveEvent 818 793 0 0 0 0 0
